[debug] [2025-03-16T18:06:26.625Z] ----------------------------------------------------------------------
[debug] [2025-03-16T18:06:26.630Z] Command:       C:\Program Files\nodejs\node.exe C:\Users\hp\AppData\Roaming\npm\node_modules\firebase-tools\lib\bin\firebase.js init
[debug] [2025-03-16T18:06:26.630Z] CLI Version:   13.34.0
[debug] [2025-03-16T18:06:26.631Z] Platform:      win32
[debug] [2025-03-16T18:06:26.631Z] Node Version:  v20.17.0
[debug] [2025-03-16T18:06:26.631Z] Time:          Sun Mar 16 2025 23:36:26 GMT+0530 (India Standard Time)
[debug] [2025-03-16T18:06:26.632Z] ----------------------------------------------------------------------
[debug] 
[debug] [2025-03-16T18:06:26.643Z] > command requires scopes: ["email","openid","https://www.googleapis.com/auth/cloudplatformprojects.readonly","https://www.googleapis.com/auth/firebase","https://www.googleapis.com/auth/cloud-platform"]
[debug] [2025-03-16T18:06:26.644Z] > authorizing via signed-in user (aids.06.kritikabansode@gmail.com)
[info] 
     ######## #### ########  ######## ########     ###     ######  ########
     ##        ##  ##     ## ##       ##     ##  ##   ##  ##       ##
     ######    ##  ########  ######   ########  #########  ######  ######
     ##        ##  ##    ##  ##       ##     ## ##     ##       ## ##
     ##       #### ##     ## ######## ########  ##     ##  ######  ########

You're about to initialize a Firebase project in this directory:

  C:\Users\hp\OneDrive\Desktop\todo-list-app

[info] 
=== Project Setup
[info] 
[info] First, let's associate this project directory with a Firebase project.
[info] You can create multiple project aliases by running firebase use --add, 
[info] but for now we'll just set up a default project.
[info] 
[debug] [2025-03-16T18:06:58.882Z] Checked if tokens are valid: true, expires at: 1742151765081
[debug] [2025-03-16T18:06:58.883Z] Checked if tokens are valid: true, expires at: 1742151765081
[debug] [2025-03-16T18:06:58.887Z] >>> [apiv2][query] GET https://firebase.googleapis.com/v1beta1/projects pageSize=100
[debug] [2025-03-16T18:06:59.840Z] <<< [apiv2][status] GET https://firebase.googleapis.com/v1beta1/projects 200
[debug] [2025-03-16T18:06:59.840Z] <<< [apiv2][body] GET https://firebase.googleapis.com/v1beta1/projects [omitted]
[info] i  Using project my-to-do-list-9278c (My To-Do list) 
[info] 
=== Hosting Setup
[debug] [2025-03-16T18:07:10.738Z] Checked if tokens are valid: true, expires at: 1742151765081
[debug] [2025-03-16T18:07:10.738Z] Checked if tokens are valid: true, expires at: 1742151765081
[debug] [2025-03-16T18:07:10.738Z] >>> [apiv2][query] GET https://firebase.googleapis.com/v1beta1/projects/my-to-do-list-9278c [none]
[debug] [2025-03-16T18:07:11.187Z] <<< [apiv2][status] GET https://firebase.googleapis.com/v1beta1/projects/my-to-do-list-9278c 200
[debug] [2025-03-16T18:07:11.188Z] <<< [apiv2][body] GET https://firebase.googleapis.com/v1beta1/projects/my-to-do-list-9278c {"projectId":"my-to-do-list-9278c","projectNumber":"216699463596","displayName":"My To-Do list","name":"projects/my-to-do-list-9278c","resources":{"hostingSite":"my-to-do-list-9278c"},"state":"ACTIVE","etag":"1_cb19d86d-338c-4aaa-a852-6845b445a52b"}
[info] 
[info] Your public directory is the folder (relative to your project directory) that
[info] will contain Hosting assets to be uploaded with firebase deploy. If you
[info] have a build process for your assets, use your build's output directory.
[info] 
[debug] [2025-03-16T18:08:52.218Z] >>> [apiv2][query] GET https://www.gstatic.com/firebasejs/releases.json [none]
[debug] [2025-03-16T18:08:52.328Z] <<< [apiv2][status] GET https://www.gstatic.com/firebasejs/releases.json 200
[debug] [2025-03-16T18:08:52.329Z] <<< [apiv2][body] GET https://www.gstatic.com/firebasejs/releases.json {"current":{"version":"11.4.0","browserURL":"https://www.gstatic.com/firebasejs/11.4.0/firebase.js","packageURL":"https://www.gstatic.com/firebasejs/11.4.0/firebase.tgz"},"live":{"version":"11.4","browserURL":"https://www.gstatic.com/firebasejs/live/11.4/firebase.js","packageURL":"https://www.gstatic.com/firebasejs/live/11.4/firebase.tgz"},"components":{"analytics":"https://www.gstatic.com/firebasejs/11.4.0/firebase-analytics.js","app":"https://www.gstatic.com/firebasejs/11.4.0/firebase-app.js","app-check":"https://www.gstatic.com/firebasejs/11.4.0/firebase-app-check.js","auth":"https://www.gstatic.com/firebasejs/11.4.0/firebase-auth.js","auth/cordova":"https://www.gstatic.com/firebasejs/11.4.0/firebase-auth/cordova.js","auth/web-extension":"https://www.gstatic.com/firebasejs/11.4.0/firebase-auth/web-extension.js","functions":"https://www.gstatic.com/firebasejs/11.4.0/firebase-functions.js","firestore":"https://www.gstatic.com/firebasejs/11.4.0/firebase-firestore.js","firestore/lite":"https://www.gstatic.com/firebasejs/11.4.0/firebase-firestore/lite.js","installations":"https://www.gstatic.com/firebasejs/11.4.0/firebase-installations.js","storage":"https://www.gstatic.com/firebasejs/11.4.0/firebase-storage.js","performance":"https://www.gstatic.com/firebasejs/11.4.0/firebase-performance.js","remote-config":"https://www.gstatic.com/firebasejs/11.4.0/firebase-remote-config.js","messaging":"https://www.gstatic.com/firebasejs/11.4.0/firebase-messaging.js","messaging/sw":"https://www.gstatic.com/firebasejs/11.4.0/firebase-messaging/sw.js","database":"https://www.gstatic.com/firebasejs/11.4.0/firebase-database.js","vertexai":"https://www.gstatic.com/firebasejs/11.4.0/firebase-vertexai.js","data-connect":"https://www.gstatic.com/firebasejs/11.4.0/firebase-data-connect.js","firestore.memory":"https://www.gstatic.com/firebasejs/11.4.0/firebase-firestore.memory.js"}}
[info] +  Wrote build/index.html 
[info] 
[info] i  Didn't detect a .git folder. Assuming C:\Users\hp\OneDrive\Desktop\todo-list-app is the project root. 
[info] i  Authorizing with GitHub to upload your service account to a GitHub repository's secrets store. 
[info] 
[info] Visit this URL on this device to log in:
[info] https://github.com/login/oauth/authorize?client_id=89cf50f02ac6aaed3484&state=300030500&redirect_uri=http%3A%2F%2Flocalhost%3A9005&scope=read%3Auser%20repo%20public_repo
[info] 
[info] Waiting for authentication...
[debug] [2025-03-16T18:14:20.128Z] >>> [apiv2][query] POST https://github.com/login/oauth/access_token [none]
[debug] [2025-03-16T18:14:20.129Z] >>> [apiv2][body] POST https://github.com/login/oauth/access_token [stream]
[debug] [2025-03-16T18:14:20.677Z] <<< [apiv2][status] POST https://github.com/login/oauth/access_token 200
[debug] [2025-03-16T18:14:20.677Z] <<< [apiv2][body] POST https://github.com/login/oauth/access_token {"access_token":"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","token_type":"bearer","scope":"read:user,repo"}
[debug] [2025-03-16T18:14:20.691Z] >>> [apiv2][query] GET https://api.github.com/user [none]
[debug] [2025-03-16T18:14:21.077Z] <<< [apiv2][status] GET https://api.github.com/user 200
[debug] [2025-03-16T18:14:21.077Z] <<< [apiv2][body] GET https://api.github.com/user {"login":"KritikaBansode","id":163533287,"node_id":"U_kgDOCb9R5w","avatar_url":"https://avatars.githubusercontent.com/u/163533287?v=4","gravatar_id":"","url":"https://api.github.com/users/KritikaBansode","html_url":"https://github.com/KritikaBansode","followers_url":"https://api.github.com/users/KritikaBansode/followers","following_url":"https://api.github.com/users/KritikaBansode/following{/other_user}","gists_url":"https://api.github.com/users/KritikaBansode/gists{/gist_id}","starred_url":"https://api.github.com/users/KritikaBansode/starred{/owner}{/repo}","subscriptions_url":"https://api.github.com/users/KritikaBansode/subscriptions","organizations_url":"https://api.github.com/users/KritikaBansode/orgs","repos_url":"https://api.github.com/users/KritikaBansode/repos","events_url":"https://api.github.com/users/KritikaBansode/events{/privacy}","received_events_url":"https://api.github.com/users/KritikaBansode/received_events","type":"User","user_view_type":"private","site_admin":false,"name":null,"company":null,"blog":"","location":null,"email":null,"hireable":null,"bio":null,"twitter_username":null,"notification_email":null,"public_repos":6,"public_gists":0,"followers":0,"following":0,"created_at":"2024-03-15T11:45:17Z","updated_at":"2025-03-16T18:13:28Z","private_gists":0,"total_private_repos":1,"owned_private_repos":1,"disk_usage":12594,"collaborators":0,"two_factor_authentication":false,"plan":{"name":"free","space":976562499,"collaborators":0,"private_repos":10000}}
[info] 
[info] +  Success! Logged into GitHub as KritikaBansode 
[info] 
